<?xml version="1.0" encoding="UTF-8"?>
<testsuite xmlns:xsi="http://www.w3.org/2001/XMLSchema-instance" xsi:noNamespaceSchemaLocation="https://maven.apache.org/surefire/maven-surefire-plugin/xsd/surefire-test-report.xsd" name="order.TestMakeOrder" time="1.765" tests="4" errors="0" skipped="0" failures="0">
  <properties>
[...]
</properties>
  <testcase name="testMakeOrder[0]" classname="order.TestMakeOrder" time="0.422"/>
  <testcase name="testMakeOrder[1]" classname="order.TestMakeOrder" time="0.394"/>
  <testcase name="testMakeOrder[2]" classname="order.TestMakeOrder" time="0.437"/>
  <testcase name="testMakeOrder[3]" classname="order.TestMakeOrder" time="0.508"/>
</testsuite>